
                                      ARENA Simulation Results
                                       Peùa - License: STUDENT

                                  Summary for Replication 1 of 1

Project: Unnamed Project                                             Run execution date :10/12/2022
Analyst: Peùa                                                        Model revision date:10/12/2022

Replication ended at time      : 27.7775 Hours 
Base Time Units: Hours

                                           TALLY VARIABLES

Identifier                                  Average   Half Width  Minimum    Maximum   Observations
___________________________________________________________________________________________________

Entity 1.VATime                             .00000     .00000     .00000     .00000     100000    
Entity 1.NVATime                            .00000     .00000     .00000     .00000     100000    
Entity 1.WaitTime                           .00000     .00000     .00000     .00000     100000    
Entity 1.TranTime                           .00000     .00000     .00000     .00000     100000    
Entity 1.OtherTime                          .00000     .00000     .00000     .00000     100000    
Entity 1.TotalTime                          .00000     .00000     .00000     .00000     100000    

                                     DISCRETE-CHANGE VARIABLES

Identifier                                  Average   Half Width  Minimum    Maximum   Final Value
___________________________________________________________________________________________________

Entity 1.WIP                                .00000     (Insuf)    .00000     1.0000     .00000    

                                             OUTPUTS

Identifier                                   Value
_____________________________________________________________

Entity 1.NumberIn                            1.0000E+5
Entity 1.NumberOut                           1.0000E+5
System.NumberOut                             1.0000E+5


Simulation run time: 0.87 minutes.
Simulation run complete.
